This is pdfTeX, Version 3.141592653-2.6-1.40.26 (TeX Live 2024) (preloaded format=pdflatex 2024.5.13)  6 JUN 2024 13:18
entering extended mode
 restricted \write18 enabled.
 %&-line parsing enabled.
**"JacksonStrand_Paper 1.tex"
(./JacksonStrand_Paper 1.tex
LaTeX2e <2023-11-01> patch level 1
L3 programming layer <2024-04-11>
(/Users/jacksonstrand/Library/TinyTeX/texmf-dist/tex/latex/base/article.cls
Document Class: article 2023/05/17 v1.4n Standard LaTeX document class
(/Users/jacksonstrand/Library/TinyTeX/texmf-dist/tex/latex/base/size10.clo
File: size10.clo 2023/05/17 v1.4n Standard LaTeX file (size option)
)
\c@part=\count189
\c@section=\count190
\c@subsection=\count191
\c@subsubsection=\count192
\c@paragraph=\count193
\c@subparagraph=\count194
\c@figure=\count195
\c@table=\count196
\abovecaptionskip=\skip48
\belowcaptionskip=\skip49
\bibindent=\dimen140
) (/Users/jacksonstrand/Library/TinyTeX/texmf-dist/tex/latex/amsmath/amsmath.sty
Package: amsmath 2023/05/13 v2.17o AMS math features
\@mathmargin=\skip50
For additional information on amsmath, use the `?' option.
(/Users/jacksonstrand/Library/TinyTeX/texmf-dist/tex/latex/amsmath/amstext.sty
Package: amstext 2021/08/26 v2.01 AMS text
(/Users/jacksonstrand/Library/TinyTeX/texmf-dist/tex/latex/amsmath/amsgen.sty
File: amsgen.sty 1999/11/30 v2.0 generic functions
\@emptytoks=\toks17
\ex@=\dimen141
)) (/Users/jacksonstrand/Library/TinyTeX/texmf-dist/tex/latex/amsmath/amsbsy.sty
Package: amsbsy 1999/11/29 v1.2d Bold Symbols
\pmbraise@=\dimen142
) (/Users/jacksonstrand/Library/TinyTeX/texmf-dist/tex/latex/amsmath/amsopn.sty
Package: amsopn 2022/04/08 v2.04 operator names
)
\inf@bad=\count197
LaTeX Info: Redefining \frac on input line 234.
\uproot@=\count198
\leftroot@=\count199
LaTeX Info: Redefining \overline on input line 399.
LaTeX Info: Redefining \colon on input line 410.
\classnum@=\count266
\DOTSCASE@=\count267
LaTeX Info: Redefining \ldots on input line 496.
LaTeX Info: Redefining \dots on input line 499.
LaTeX Info: Redefining \cdots on input line 620.
\Mathstrutbox@=\box51
\strutbox@=\box52
LaTeX Info: Redefining \big on input line 722.
LaTeX Info: Redefining \Big on input line 723.
LaTeX Info: Redefining \bigg on input line 724.
LaTeX Info: Redefining \Bigg on input line 725.
\big@size=\dimen143
LaTeX Font Info:    Redeclaring font encoding OML on input line 743.
LaTeX Font Info:    Redeclaring font encoding OMS on input line 744.
\macc@depth=\count268
LaTeX Info: Redefining \bmod on input line 905.
LaTeX Info: Redefining \pmod on input line 910.
LaTeX Info: Redefining \smash on input line 940.
LaTeX Info: Redefining \relbar on input line 970.
LaTeX Info: Redefining \Relbar on input line 971.
\c@MaxMatrixCols=\count269
\dotsspace@=\muskip16
\c@parentequation=\count270
\dspbrk@lvl=\count271
\tag@help=\toks18
\row@=\count272
\column@=\count273
\maxfields@=\count274
\andhelp@=\toks19
\eqnshift@=\dimen144
\alignsep@=\dimen145
\tagshift@=\dimen146
\tagwidth@=\dimen147
\totwidth@=\dimen148
\lineht@=\dimen149
\@envbody=\toks20
\multlinegap=\skip51
\multlinetaggap=\skip52
\mathdisplay@stack=\toks21
LaTeX Info: Redefining \[ on input line 2953.
LaTeX Info: Redefining \] on input line 2954.
) (/Users/jacksonstrand/Library/TinyTeX/texmf-dist/tex/latex/amsfonts/amssymb.sty
Package: amssymb 2013/01/14 v3.01 AMS font symbols
(/Users/jacksonstrand/Library/TinyTeX/texmf-dist/tex/latex/amsfonts/amsfonts.sty
Package: amsfonts 2013/01/14 v3.01 Basic AMSFonts support
\symAMSa=\mathgroup4
\symAMSb=\mathgroup5
LaTeX Font Info:    Redeclaring math symbol \hbar on input line 98.
LaTeX Font Info:    Overwriting math alphabet `\mathfrak' in version `bold'
(Font)                  U/euf/m/n --> U/euf/b/n on input line 106.
)) (/Users/jacksonstrand/Library/TinyTeX/texmf-dist/tex/generic/iftex/iftex.sty
Package: iftex 2022/02/03 v1.0f TeX engine tests
) (/Users/jacksonstrand/Library/TinyTeX/texmf-dist/tex/latex/base/fontenc.sty
Package: fontenc 2021/04/29 v2.0v Standard LaTeX package
) (/Users/jacksonstrand/Library/TinyTeX/texmf-dist/tex/latex/base/inputenc.sty
Package: inputenc 2021/02/14 v1.3d Input encoding file
\inpenc@prehook=\toks22
\inpenc@posthook=\toks23
) (/Users/jacksonstrand/Library/TinyTeX/texmf-dist/tex/latex/base/textcomp.sty
Package: textcomp 2020/02/02 v2.0n Standard LaTeX package
) (/Users/jacksonstrand/Library/TinyTeX/texmf-dist/tex/latex/lm/lmodern.sty
Package: lmodern 2015/05/01 v1.6.1 Latin Modern Fonts
LaTeX Font Info:    Overwriting symbol font `operators' in version `normal'
(Font)                  OT1/cmr/m/n --> OT1/lmr/m/n on input line 22.
LaTeX Font Info:    Overwriting symbol font `letters' in version `normal'
(Font)                  OML/cmm/m/it --> OML/lmm/m/it on input line 23.
LaTeX Font Info:    Overwriting symbol font `symbols' in version `normal'
(Font)                  OMS/cmsy/m/n --> OMS/lmsy/m/n on input line 24.
LaTeX Font Info:    Overwriting symbol font `largesymbols' in version `normal'
(Font)                  OMX/cmex/m/n --> OMX/lmex/m/n on input line 25.
LaTeX Font Info:    Overwriting symbol font `operators' in version `bold'
(Font)                  OT1/cmr/bx/n --> OT1/lmr/bx/n on input line 26.
LaTeX Font Info:    Overwriting symbol font `letters' in version `bold'
(Font)                  OML/cmm/b/it --> OML/lmm/b/it on input line 27.
LaTeX Font Info:    Overwriting symbol font `symbols' in version `bold'
(Font)                  OMS/cmsy/b/n --> OMS/lmsy/b/n on input line 28.
LaTeX Font Info:    Overwriting symbol font `largesymbols' in version `bold'
(Font)                  OMX/cmex/m/n --> OMX/lmex/m/n on input line 29.
LaTeX Font Info:    Overwriting math alphabet `\mathbf' in version `normal'
(Font)                  OT1/cmr/bx/n --> OT1/lmr/bx/n on input line 31.
LaTeX Font Info:    Overwriting math alphabet `\mathsf' in version `normal'
(Font)                  OT1/cmss/m/n --> OT1/lmss/m/n on input line 32.
LaTeX Font Info:    Overwriting math alphabet `\mathit' in version `normal'
(Font)                  OT1/cmr/m/it --> OT1/lmr/m/it on input line 33.
LaTeX Font Info:    Overwriting math alphabet `\mathtt' in version `normal'
(Font)                  OT1/cmtt/m/n --> OT1/lmtt/m/n on input line 34.
LaTeX Font Info:    Overwriting math alphabet `\mathbf' in version `bold'
(Font)                  OT1/cmr/bx/n --> OT1/lmr/bx/n on input line 35.
LaTeX Font Info:    Overwriting math alphabet `\mathsf' in version `bold'
(Font)                  OT1/cmss/bx/n --> OT1/lmss/bx/n on input line 36.
LaTeX Font Info:    Overwriting math alphabet `\mathit' in version `bold'
(Font)                  OT1/cmr/bx/it --> OT1/lmr/bx/it on input line 37.
LaTeX Font Info:    Overwriting math alphabet `\mathtt' in version `bold'
(Font)                  OT1/cmtt/m/n --> OT1/lmtt/m/n on input line 38.
) (/Users/jacksonstrand/Library/TinyTeX/texmf-dist/tex/latex/xcolor/xcolor.sty
Package: xcolor 2023/11/15 v3.01 LaTeX color extensions (UK)
(/Users/jacksonstrand/Library/TinyTeX/texmf-dist/tex/latex/graphics-cfg/color.cfg
File: color.cfg 2016/01/02 v1.6 sample color configuration
)
Package xcolor Info: Driver file: pdftex.def on input line 274.
(/Users/jacksonstrand/Library/TinyTeX/texmf-dist/tex/latex/graphics-def/pdftex.def
File: pdftex.def 2024/04/13 v1.2c Graphics/color driver for pdftex
) (/Users/jacksonstrand/Library/TinyTeX/texmf-dist/tex/latex/graphics/mathcolor.ltx)
Package xcolor Info: Model `cmy' substituted by `cmy0' on input line 1350.
Package xcolor Info: Model `hsb' substituted by `rgb' on input line 1354.
Package xcolor Info: Model `RGB' extended on input line 1366.
Package xcolor Info: Model `HTML' substituted by `rgb' on input line 1368.
Package xcolor Info: Model `Hsb' substituted by `hsb' on input line 1369.
Package xcolor Info: Model `tHsb' substituted by `hsb' on input line 1370.
Package xcolor Info: Model `HSB' substituted by `hsb' on input line 1371.
Package xcolor Info: Model `Gray' substituted by `gray' on input line 1372.
Package xcolor Info: Model `wave' substituted by `hsb' on input line 1373.
) (/Users/jacksonstrand/Library/TinyTeX/texmf-dist/tex/latex/geometry/geometry.sty
Package: geometry 2020/01/02 v5.9 Page Geometry
(/Users/jacksonstrand/Library/TinyTeX/texmf-dist/tex/latex/graphics/keyval.sty
Package: keyval 2022/05/29 v1.15 key=value parser (DPC)
\KV@toks@=\toks24
) (/Users/jacksonstrand/Library/TinyTeX/texmf-dist/tex/generic/iftex/ifvtex.sty
Package: ifvtex 2019/10/25 v1.7 ifvtex legacy package. Use iftex instead.
)
\Gm@cnth=\count275
\Gm@cntv=\count276
\c@Gm@tempcnt=\count277
\Gm@bindingoffset=\dimen150
\Gm@wd@mp=\dimen151
\Gm@odd@mp=\dimen152
\Gm@even@mp=\dimen153
\Gm@layoutwidth=\dimen154
\Gm@layoutheight=\dimen155
\Gm@layouthoffset=\dimen156
\Gm@layoutvoffset=\dimen157
\Gm@dimlist=\toks25
) (/Users/jacksonstrand/Library/TinyTeX/texmf-dist/tex/latex/graphics/graphicx.sty
Package: graphicx 2021/09/16 v1.2d Enhanced LaTeX Graphics (DPC,SPQR)
(/Users/jacksonstrand/Library/TinyTeX/texmf-dist/tex/latex/graphics/graphics.sty
Package: graphics 2022/03/10 v1.4e Standard LaTeX Graphics (DPC,SPQR)
(/Users/jacksonstrand/Library/TinyTeX/texmf-dist/tex/latex/graphics/trig.sty
Package: trig 2021/08/11 v1.11 sin cos tan (DPC)
) (/Users/jacksonstrand/Library/TinyTeX/texmf-dist/tex/latex/graphics-cfg/graphics.cfg
File: graphics.cfg 2016/06/04 v1.11 sample graphics configuration
)
Package graphics Info: Driver file: pdftex.def on input line 107.
)
\Gin@req@height=\dimen158
\Gin@req@width=\dimen159
)
\cslhangindent=\skip53
\csllabelwidth=\skip54
(/Users/jacksonstrand/Library/TinyTeX/texmf-dist/tex/latex/tools/calc.sty
Package: calc 2023/07/08 v4.3 Infix arithmetic (KKT,FJ)
\calc@Acount=\count278
\calc@Bcount=\count279
\calc@Adimen=\dimen160
\calc@Bdimen=\dimen161
\calc@Askip=\skip55
\calc@Bskip=\skip56
LaTeX Info: Redefining \setlength on input line 80.
LaTeX Info: Redefining \addtolength on input line 81.
\calc@Ccount=\count280
\calc@Cskip=\skip57
) (/Users/jacksonstrand/Library/TinyTeX/texmf-dist/tex/latex/bookmark/bookmark.sty
Package: bookmark 2023-12-10 v1.31 PDF bookmarks (HO)
(/Users/jacksonstrand/Library/TinyTeX/texmf-dist/tex/latex/hyperref/hyperref.sty
Package: hyperref 2024-01-20 v7.01h Hypertext links for LaTeX
(/Users/jacksonstrand/Library/TinyTeX/texmf-dist/tex/latex/kvsetkeys/kvsetkeys.sty
Package: kvsetkeys 2022-10-05 v1.19 Key value parser (HO)
) (/Users/jacksonstrand/Library/TinyTeX/texmf-dist/tex/generic/kvdefinekeys/kvdefinekeys.sty
Package: kvdefinekeys 2019-12-19 v1.6 Define keys (HO)
) (/Users/jacksonstrand/Library/TinyTeX/texmf-dist/tex/generic/pdfescape/pdfescape.sty
Package: pdfescape 2019/12/09 v1.15 Implements pdfTeX's escape features (HO)
(/Users/jacksonstrand/Library/TinyTeX/texmf-dist/tex/generic/ltxcmds/ltxcmds.sty
Package: ltxcmds 2023-12-04 v1.26 LaTeX kernel commands for general use (HO)
) (/Users/jacksonstrand/Library/TinyTeX/texmf-dist/tex/generic/pdftexcmds/pdftexcmds.sty
Package: pdftexcmds 2020-06-27 v0.33 Utility functions of pdfTeX for LuaTeX (HO)
(/Users/jacksonstrand/Library/TinyTeX/texmf-dist/tex/generic/infwarerr/infwarerr.sty
Package: infwarerr 2019/12/03 v1.5 Providing info/warning/error messages (HO)
)
Package pdftexcmds Info: \pdf@primitive is available.
Package pdftexcmds Info: \pdf@ifprimitive is available.
Package pdftexcmds Info: \pdfdraftmode found.
)) (/Users/jacksonstrand/Library/TinyTeX/texmf-dist/tex/latex/hycolor/hycolor.sty
Package: hycolor 2020-01-27 v1.10 Color options for hyperref/bookmark (HO)
) (/Users/jacksonstrand/Library/TinyTeX/texmf-dist/tex/latex/auxhook/auxhook.sty
Package: auxhook 2019-12-17 v1.6 Hooks for auxiliary files (HO)
) (/Users/jacksonstrand/Library/TinyTeX/texmf-dist/tex/latex/hyperref/nameref.sty
Package: nameref 2023-11-26 v2.56 Cross-referencing by name of section
(/Users/jacksonstrand/Library/TinyTeX/texmf-dist/tex/latex/refcount/refcount.sty
Package: refcount 2019/12/15 v3.6 Data extraction from label references (HO)
) (/Users/jacksonstrand/Library/TinyTeX/texmf-dist/tex/generic/gettitlestring/gettitlestring.sty
Package: gettitlestring 2019/12/15 v1.6 Cleanup title references (HO)
(/Users/jacksonstrand/Library/TinyTeX/texmf-dist/tex/latex/kvoptions/kvoptions.sty
Package: kvoptions 2022-06-15 v3.15 Key value format for package options (HO)
))
\c@section@level=\count281
) (/Users/jacksonstrand/Library/TinyTeX/texmf-dist/tex/latex/etoolbox/etoolbox.sty
Package: etoolbox 2020/10/05 v2.5k e-TeX tools for LaTeX (JAW)
\etb@tempcnta=\count282
)
\@linkdim=\dimen162
\Hy@linkcounter=\count283
\Hy@pagecounter=\count284
(/Users/jacksonstrand/Library/TinyTeX/texmf-dist/tex/latex/hyperref/pd1enc.def
File: pd1enc.def 2024-01-20 v7.01h Hyperref: PDFDocEncoding definition (HO)
Now handling font encoding PD1 ...
... no UTF-8 mapping file for font encoding PD1
) (/Users/jacksonstrand/Library/TinyTeX/texmf-dist/tex/generic/intcalc/intcalc.sty
Package: intcalc 2019/12/15 v1.3 Expandable calculations with integers (HO)
)
\Hy@SavedSpaceFactor=\count285
(/Users/jacksonstrand/Library/TinyTeX/texmf-dist/tex/latex/hyperref/puenc.def
File: puenc.def 2024-01-20 v7.01h Hyperref: PDF Unicode definition (HO)
Now handling font encoding PU ...
... no UTF-8 mapping file for font encoding PU
)
Package hyperref Info: Option `unicode' set `true' on input line 4062.
Package hyperref Info: Hyper figures OFF on input line 4179.
Package hyperref Info: Link nesting OFF on input line 4184.
Package hyperref Info: Hyper index ON on input line 4187.
Package hyperref Info: Plain pages OFF on input line 4194.
Package hyperref Info: Backreferencing OFF on input line 4199.
Package hyperref Info: Implicit mode ON; LaTeX internals redefined.
Package hyperref Info: Bookmarks ON on input line 4446.
\c@Hy@tempcnt=\count286
(/Users/jacksonstrand/Library/TinyTeX/texmf-dist/tex/latex/url/url.sty
\Urlmuskip=\muskip17
Package: url 2013/09/16  ver 3.4  Verb mode for urls, etc.
)
LaTeX Info: Redefining \url on input line 4784.
\XeTeXLinkMargin=\dimen163
(/Users/jacksonstrand/Library/TinyTeX/texmf-dist/tex/generic/bitset/bitset.sty
Package: bitset 2019/12/09 v1.3 Handle bit-vector datatype (HO)
(/Users/jacksonstrand/Library/TinyTeX/texmf-dist/tex/generic/bigintcalc/bigintcalc.sty
Package: bigintcalc 2019/12/15 v1.5 Expandable calculations on big integers (HO)
))
\Fld@menulength=\count287
\Field@Width=\dimen164
\Fld@charsize=\dimen165
Package hyperref Info: Hyper figures OFF on input line 6063.
Package hyperref Info: Link nesting OFF on input line 6068.
Package hyperref Info: Hyper index ON on input line 6071.
Package hyperref Info: backreferencing OFF on input line 6078.
Package hyperref Info: Link coloring OFF on input line 6083.
Package hyperref Info: Link coloring with OCG OFF on input line 6088.
Package hyperref Info: PDF/A mode OFF on input line 6093.
(/Users/jacksonstrand/Library/TinyTeX/texmf-dist/tex/latex/base/atbegshi-ltx.sty
Package: atbegshi-ltx 2021/01/10 v1.0c Emulation of the original atbegshi
package with kernel methods
)
\Hy@abspage=\count288
\c@Item=\count289
\c@Hfootnote=\count290
)
Package hyperref Info: Driver (autodetected): hpdftex.
(/Users/jacksonstrand/Library/TinyTeX/texmf-dist/tex/latex/hyperref/hpdftex.def
File: hpdftex.def 2024-01-20 v7.01h Hyperref driver for pdfTeX
(/Users/jacksonstrand/Library/TinyTeX/texmf-dist/tex/latex/base/atveryend-ltx.sty
Package: atveryend-ltx 2020/08/19 v1.0a Emulation of the original atveryend package
with kernel methods
)
\Fld@listcount=\count291
\c@bookmark@seq@number=\count292
(/Users/jacksonstrand/Library/TinyTeX/texmf-dist/tex/latex/rerunfilecheck/rerunfilecheck.sty
Package: rerunfilecheck 2022-07-10 v1.10 Rerun checks for auxiliary files (HO)
(/Users/jacksonstrand/Library/TinyTeX/texmf-dist/tex/generic/uniquecounter/uniquecounter.sty
Package: uniquecounter 2019/12/15 v1.4 Provide unlimited unique counter (HO)
)
Package uniquecounter Info: New unique counter `rerunfilecheck' on input line 285.
)
\Hy@SectionHShift=\skip58
) (/Users/jacksonstrand/Library/TinyTeX/texmf-dist/tex/latex/bookmark/bkm-pdftex.def
File: bkm-pdftex.def 2023-12-10 v1.31 bookmark driver for pdfTeX and luaTeX (HO)
\BKM@id=\count293
))
LaTeX Font Info:    Trying to load font information for T1+lmr on input line 106.
(/Users/jacksonstrand/Library/TinyTeX/texmf-dist/tex/latex/lm/t1lmr.fd
File: t1lmr.fd 2015/05/01 v1.6.1 Font defs for Latin Modern
) (/Users/jacksonstrand/Library/TinyTeX/texmf-dist/tex/latex/l3backend/l3backend-pdftex.def
File: l3backend-pdftex.def 2024-04-11 L3 backend support: PDF output (pdfTeX)
\l__color_backend_stack_int=\count294
\l__pdf_internal_box=\box53
)
No file "JacksonStrand_Paper 1".aux.
\openout1 = `"JacksonStrand_Paper 1.aux"'.

LaTeX Font Info:    Checking defaults for OML/cmm/m/it on input line 106.
LaTeX Font Info:    ... okay on input line 106.
LaTeX Font Info:    Checking defaults for OMS/cmsy/m/n on input line 106.
LaTeX Font Info:    ... okay on input line 106.
LaTeX Font Info:    Checking defaults for OT1/cmr/m/n on input line 106.
LaTeX Font Info:    ... okay on input line 106.
LaTeX Font Info:    Checking defaults for T1/cmr/m/n on input line 106.
LaTeX Font Info:    ... okay on input line 106.
LaTeX Font Info:    Checking defaults for TS1/cmr/m/n on input line 106.
LaTeX Font Info:    ... okay on input line 106.
LaTeX Font Info:    Checking defaults for OMX/cmex/m/n on input line 106.
LaTeX Font Info:    ... okay on input line 106.
LaTeX Font Info:    Checking defaults for U/cmr/m/n on input line 106.
LaTeX Font Info:    ... okay on input line 106.
LaTeX Font Info:    Checking defaults for PD1/pdf/m/n on input line 106.
LaTeX Font Info:    ... okay on input line 106.
LaTeX Font Info:    Checking defaults for PU/pdf/m/n on input line 106.
LaTeX Font Info:    ... okay on input line 106.
(/Users/jacksonstrand/Library/TinyTeX/texmf-dist/tex/latex/epstopdf-pkg/epstopdf-base.sty
Package: epstopdf-base 2020-01-24 v2.11 Base part for package epstopdf
Package epstopdf-base Info: Redefining graphics rule for `.eps' on input line 485.
(/Users/jacksonstrand/Library/TinyTeX/texmf-dist/tex/latex/latexconfig/epstopdf-sys.cfg
File: epstopdf-sys.cfg 2010/07/13 v1.3 Configuration of (r)epstopdf for TeX Live
))
*geometry* driver: auto-detecting
*geometry* detected driver: pdftex
*geometry* verbose mode - [ preamble ] result:
* driver: pdftex
* paper: <default>
* layout: <same size as paper>
* layoutoffset:(h,v)=(0.0pt,0.0pt)
* modes: 
* h-part:(L,W,R)=(72.26999pt, 469.75502pt, 72.26999pt)
* v-part:(T,H,B)=(72.26999pt, 650.43001pt, 72.26999pt)
* \paperwidth=614.295pt
* \paperheight=794.96999pt
* \textwidth=469.75502pt
* \textheight=650.43001pt
* \oddsidemargin=0.0pt
* \evensidemargin=0.0pt
* \topmargin=-37.0pt
* \headheight=12.0pt
* \headsep=25.0pt
* \topskip=10.0pt
* \footskip=30.0pt
* \marginparwidth=65.0pt
* \marginparsep=11.0pt
* \columnsep=10.0pt
* \skip\footins=9.0pt plus 4.0pt minus 2.0pt
* \hoffset=0.0pt
* \voffset=0.0pt
* \mag=1000
* \@twocolumnfalse
* \@twosidefalse
* \@mparswitchfalse
* \@reversemarginfalse
* (1in=72.27pt=25.4mm, 1cm=28.453pt)

Package hyperref Info: Link coloring OFF on input line 106.
LaTeX Font Info:    Trying to load font information for OT1+lmr on input line 108.
(/Users/jacksonstrand/Library/TinyTeX/texmf-dist/tex/latex/lm/ot1lmr.fd
File: ot1lmr.fd 2015/05/01 v1.6.1 Font defs for Latin Modern
)
LaTeX Font Info:    Trying to load font information for OML+lmm on input line 108.
(/Users/jacksonstrand/Library/TinyTeX/texmf-dist/tex/latex/lm/omllmm.fd
File: omllmm.fd 2015/05/01 v1.6.1 Font defs for Latin Modern
)
LaTeX Font Info:    Trying to load font information for OMS+lmsy on input line 108.
(/Users/jacksonstrand/Library/TinyTeX/texmf-dist/tex/latex/lm/omslmsy.fd
File: omslmsy.fd 2015/05/01 v1.6.1 Font defs for Latin Modern
)
LaTeX Font Info:    Trying to load font information for OMX+lmex on input line 108.
(/Users/jacksonstrand/Library/TinyTeX/texmf-dist/tex/latex/lm/omxlmex.fd
File: omxlmex.fd 2015/05/01 v1.6.1 Font defs for Latin Modern
)
LaTeX Font Info:    External font `lmex10' loaded for size
(Font)              <12> on input line 108.
LaTeX Font Info:    External font `lmex10' loaded for size
(Font)              <8> on input line 108.
LaTeX Font Info:    External font `lmex10' loaded for size
(Font)              <6> on input line 108.
LaTeX Font Info:    Trying to load font information for U+msa on input line 108.
(/Users/jacksonstrand/Library/TinyTeX/texmf-dist/tex/latex/amsfonts/umsa.fd
File: umsa.fd 2013/01/14 v3.01 AMS symbols A
)
LaTeX Font Info:    Trying to load font information for U+msb on input line 108.
(/Users/jacksonstrand/Library/TinyTeX/texmf-dist/tex/latex/amsfonts/umsb.fd
File: umsb.fd 2013/01/14 v3.01 AMS symbols B
)

LaTeX Warning: Citation `ref-Tscharntke2016' on page 1 undefined on input line 142.


LaTeX Warning: Citation `ref-Kennedy2000' on page 1 undefined on input line 158.


LaTeX Warning: Citation `ref-DeMorais2023' on page 1 undefined on input line 164.


LaTeX Warning: Citation `ref-Cano2022' on page 1 undefined on input line 172.

[1

{/Users/jacksonstrand/Library/TinyTeX/texmf-var/fonts/map/pdftex/updmap/pdftex.map}{/Users/jacksonstrand/Library/TinyTeX/texmf-dist/fonts/enc/dvips/lm/lm-ec.enc}]

LaTeX Warning: Citation `ref-Criddle1922' on page 2 undefined on input line 176.


LaTeX Warning: Citation `ref-Wallace1966' on page 2 undefined on input line 177.


LaTeX Warning: Citation `ref-Lesieur2016' on page 2 undefined on input line 178.


LaTeX Warning: Citation `ref-Morrill1996' on page 2 undefined on input line 182.


LaTeX Warning: Citation `ref-Cockrell2021' on page 2 undefined on input line 184.


LaTeX Warning: Citation `ref-Olfert2019' on page 2 undefined on input line 186.


LaTeX Warning: Citation `ref-Weaver2023' on page 2 undefined on input line 186.


LaTeX Warning: Citation `ref-Holmes1956' on page 2 undefined on input line 190.


LaTeX Warning: Citation `ref-Beres2011a' on page 2 undefined on input line 192.


LaTeX Warning: Citation `ref-Holmes1960' on page 2 undefined on input line 194.


LaTeX Warning: Citation `ref-Nansen2005a' on page 2 undefined on input line 194.


LaTeX Warning: Citation `ref-McCullough2020' on page 2 undefined on input line 195.


LaTeX Warning: Citation `ref-Morrill2001' on page 2 undefined on input line 198.


LaTeX Warning: Citation `ref-Nelson1953' on page 2 undefined on input line 202.


LaTeX Warning: Citation `ref-Morrill1998' on page 2 undefined on input line 203.


LaTeX Warning: Citation `ref-Runyon2001a' on page 2 undefined on input line 204.


LaTeX Warning: Citation `ref-Runyon2001b' on page 2 undefined on input line 205.


LaTeX Warning: Citation `ref-Gahan1918' on page 2 undefined on input line 209.


LaTeX Warning: Citation `ref-Somsen1956' on page 2 undefined on input line 210.


LaTeX Warning: Citation `ref-Davis2013' on page 2 undefined on input line 211.


LaTeX Warning: Citation `ref-Peterson2011' on page 2 undefined on input line 217.


LaTeX Warning: Citation `ref-Buteler2015' on page 2 undefined on input line 218.


LaTeX Warning: Citation `ref-Buteler2008' on page 2 undefined on input line 220.


LaTeX Warning: Citation `ref-Bekkerman2018' on page 2 undefined on input line 221.


LaTeX Warning: Citation `ref-Adhikari2019' on page 2 undefined on input line 222.


LaTeX Warning: Citation `ref-Rand2020' on page 2 undefined on input line 223.


LaTeX Warning: Citation `ref-Wallace1966' on page 2 undefined on input line 227.


LaTeX Warning: Citation `ref-Cockrell2017' on page 2 undefined on input line 228.


LaTeX Warning: Citation `ref-Achhami2020' on page 2 undefined on input line 229.


LaTeX Warning: Citation `ref-Ainslie1920' on page 2 undefined on input line 232.


LaTeX Warning: Citation `ref-Buteler2009' on page 2 undefined on input line 233.


LaTeX Warning: Citation `ref-Bhandari2020' on page 2 undefined on input line 234.


LaTeX Warning: Citation `ref-Mendoza2006' on page 2 undefined on input line 240.


LaTeX Warning: Citation `ref-Peirce2021' on page 2 undefined on input line 241.


LaTeX Warning: Citation `ref-Rand2024' on page 2 undefined on input line 242.


LaTeX Warning: Citation `ref-Seamans1928' on page 2 undefined on input line 246.


LaTeX Warning: Citation `ref-Farstad1945' on page 2 undefined on input line 247.


LaTeX Warning: Citation `ref-Bolwahn2011' on page 2 undefined on input line 257.


LaTeX Warning: Citation `ref-Criddle1922' on page 2 undefined on input line 260.


LaTeX Warning: Citation `ref-Farstad1945' on page 2 undefined on input line 261.


LaTeX Warning: Citation `ref-Beres2011a' on page 2 undefined on input line 262.


LaTeX Warning: Citation `ref-Carlson1985' on page 2 undefined on input line 265.


LaTeX Warning: Citation `ref-Willson2000' on page 2 undefined on input line 266.


LaTeX Warning: Citation `ref-Dillemuth2008' on page 2 undefined on input line 267.


LaTeX Warning: Citation `ref-Otfinowski2006' on page 2 undefined on input line 270.


LaTeX Warning: Citation `ref-Rand2024' on page 2 undefined on input line 271.


LaTeX Warning: Citation `ref-Wilson1923' on page 2 undefined on input line 275.


LaTeX Warning: Citation `ref-Adhikari2019' on page 2 undefined on input line 276.


LaTeX Warning: Citation `ref-Weaver2005' on page 2 undefined on input line 278.


LaTeX Warning: Citation `ref-Holmes1963' on page 2 undefined on input line 283.


LaTeX Warning: Citation `ref-Holmes1982' on page 2 undefined on input line 284.


LaTeX Warning: Citation `ref-Peterson1999' on page 2 undefined on input line 286.


LaTeX Warning: Citation `ref-Evans1999' on page 2 undefined on input line 287.

[2]

LaTeX Warning: Citation `ref-ggplot' on page 3 undefined on input line 335.


LaTeX Warning: Citation `ref-Pettorelli2005' on page 3 undefined on input line 345.

LaTeX Font Info:    Trying to load font information for TS1+lmr on input line 357.
(/Users/jacksonstrand/Library/TinyTeX/texmf-dist/tex/latex/lm/ts1lmr.fd
File: ts1lmr.fd 2015/05/01 v1.6.1 Font defs for Latin Modern
)
LaTeX Font Info:    External font `lmex10' loaded for size
(Font)              <10> on input line 361.
LaTeX Font Info:    External font `lmex10' loaded for size
(Font)              <7> on input line 361.
LaTeX Font Info:    External font `lmex10' loaded for size
(Font)              <5> on input line 361.

LaTeX Warning: Citation `ref-Hager2024' on page 3 undefined on input line 370.

[3{/Users/jacksonstrand/Library/TinyTeX/texmf-dist/fonts/enc/dvips/lm/lm-ts1.enc}{/Users/jacksonstrand/Library/TinyTeX/texmf-dist/fonts/enc/dvips/lm/lm-mathit.enc}]

LaTeX Warning: Citation `ref-lme4' on page 4 undefined on input line 418.


LaTeX Warning: Hyper reference `figure1' on page 4 undefined on input line 439.


LaTeX Warning: Hyper reference `figure2' on page 4 undefined on input line 443.


LaTeX Warning: Hyper reference `figure3' on page 4 undefined on input line 450.


LaTeX Warning: Hyper reference `figure4' on page 4 undefined on input line 464.

[4{/Users/jacksonstrand/Library/TinyTeX/texmf-dist/fonts/enc/dvips/lm/lm-rm.enc}]

LaTeX Warning: Hyper reference `figure5' on page 5 undefined on input line 475.


LaTeX Warning: Hyper reference `figure7' on page 5 undefined on input line 490.


LaTeX Warning: Hyper reference `figure8' on page 5 undefined on input line 507.


LaTeX Warning: Citation `ref-Shanower2004' on page 5 undefined on input line 540.


LaTeX Warning: Citation `ref-Mendoza2006' on page 5 undefined on input line 541.


LaTeX Warning: Citation `ref-Buteler2008' on page 5 undefined on input line 542.

[5]

LaTeX Warning: Citation `ref-Pederson2009' on page 6 undefined on input line 567.


LaTeX Warning: Citation `ref-Zhu2021' on page 6 undefined on input line 571.


LaTeX Warning: Citation `ref-Nelson1953' on page 6 undefined on input line 575.


LaTeX Warning: Citation `ref-Runyon2002' on page 6 undefined on input line 576.


LaTeX Warning: Citation `ref-Villacorta1971' on page 6 undefined on input line 580.


LaTeX Warning: Citation `ref-Beres2011' on page 6 undefined on input line 582.


LaTeX Warning: Citation `ref-Criddle1922' on page 6 undefined on input line 589.


LaTeX Warning: Citation `ref-Peirce2021' on page 6 undefined on input line 590.


LaTeX Warning: Citation `ref-Rand2024' on page 6 undefined on input line 591.


LaTeX Warning: Citation `ref-Criddle1922' on page 6 undefined on input line 593.


LaTeX Warning: Citation `ref-Peirce2021' on page 6 undefined on input line 594.


LaTeX Warning: Citation `ref-Rand2024' on page 6 undefined on input line 595.

[6]
<JacksonStrand_Paper 1_files/figure-latex/FIG1_both_prcp_plot-1.pdf, id=53, 453.695pt x 313.17pt>
File: JacksonStrand_Paper 1_files/figure-latex/FIG1_both_prcp_plot-1.pdf Graphic file (type pdf)
<use JacksonStrand_Paper 1_files/figure-latex/FIG1_both_prcp_plot-1.pdf>
Package pdftex.def Info: JacksonStrand_Paper 1_files/figure-latex/FIG1_both_prcp_plot-1.pdf  used on input line 640.
(pdftex.def)             Requested size: 453.6939pt x 313.16922pt.
<JacksonStrand_Paper 1_files/figure-latex/both_temp_plot-1.pdf, id=54, 453.695pt x 313.17pt>
File: JacksonStrand_Paper 1_files/figure-latex/both_temp_plot-1.pdf Graphic file (type pdf)
<use JacksonStrand_Paper 1_files/figure-latex/both_temp_plot-1.pdf>
Package pdftex.def Info: JacksonStrand_Paper 1_files/figure-latex/both_temp_plot-1.pdf  used on input line 652.
(pdftex.def)             Requested size: 453.6939pt x 313.16922pt.
<JacksonStrand_Paper 1_files/figure-latex/bs_ndvi_plot-1.pdf, id=55, 454.69875pt x 315.1775pt>
File: JacksonStrand_Paper 1_files/figure-latex/bs_ndvi_plot-1.pdf Graphic file (type pdf)
<use JacksonStrand_Paper 1_files/figure-latex/bs_ndvi_plot-1.pdf>
Package pdftex.def Info: JacksonStrand_Paper 1_files/figure-latex/bs_ndvi_plot-1.pdf  used on input line 664.
(pdftex.def)             Requested size: 454.70456pt x 315.18153pt.
<Images/brome_images.jpg, id=56, 3864.4375pt x 1775.63374pt>
File: Images/brome_images.jpg Graphic file (type jpg)
<use Images/brome_images.jpg>
Package pdftex.def Info: Images/brome_images.jpg  used on input line 672.
(pdftex.def)             Requested size: 469.72708pt x 215.83043pt.
[7 <./JacksonStrand_Paper 1_files/figure-latex/FIG1_both_prcp_plot-1.pdf>] [8 <./JacksonStrand_Paper 1_files/figure-latex/both_temp_plot-1.pdf>] [9 <./JacksonStrand_Paper 1_files/figure-latex/bs_ndvi_plot-1.pdf>]
<JacksonStrand_Paper 1_files/figure-latex/inf_cut_plot-1.pdf, id=106, 453.695pt x 308.15125pt>
File: JacksonStrand_Paper 1_files/figure-latex/inf_cut_plot-1.pdf Graphic file (type pdf)
<use JacksonStrand_Paper 1_files/figure-latex/inf_cut_plot-1.pdf>
Package pdftex.def Info: JacksonStrand_Paper 1_files/figure-latex/inf_cut_plot-1.pdf  used on input line 678.
(pdftex.def)             Requested size: 453.6939pt x 308.15048pt.
<JacksonStrand_Paper 1_files/figure-latex/figure5_pf_nodes_plot-1.pdf, id=107, 453.695pt x 313.17pt>
File: JacksonStrand_Paper 1_files/figure-latex/figure5_pf_nodes_plot-1.pdf Graphic file (type pdf)
<use JacksonStrand_Paper 1_files/figure-latex/figure5_pf_nodes_plot-1.pdf>
Package pdftex.def Info: JacksonStrand_Paper 1_files/figure-latex/figure5_pf_nodes_plot-1.pdf  used on input line 691.
(pdftex.def)             Requested size: 453.6939pt x 313.16922pt.
<JacksonStrand_Paper 1_files/figure-latex/figure6_brome_nodes-1.pdf, id=108, 453.695pt x 313.17pt>
File: JacksonStrand_Paper 1_files/figure-latex/figure6_brome_nodes-1.pdf Graphic file (type pdf)
<use JacksonStrand_Paper 1_files/figure-latex/figure6_brome_nodes-1.pdf>
Package pdftex.def Info: JacksonStrand_Paper 1_files/figure-latex/figure6_brome_nodes-1.pdf  used on input line 701.
(pdftex.def)             Requested size: 453.6939pt x 313.16922pt.
<JacksonStrand_Paper 1_files/figure-latex/figure7_field_cut_plot-1.pdf, id=109, 453.695pt x 313.17pt>
File: JacksonStrand_Paper 1_files/figure-latex/figure7_field_cut_plot-1.pdf Graphic file (type pdf)
<use JacksonStrand_Paper 1_files/figure-latex/figure7_field_cut_plot-1.pdf>
Package pdftex.def Info: JacksonStrand_Paper 1_files/figure-latex/figure7_field_cut_plot-1.pdf  used on input line 710.
(pdftex.def)             Requested size: 453.6939pt x 313.16922pt.
<JacksonStrand_Paper 1_files/figure-latex/figure8-1.pdf, id=110, 459.7175pt x 313.17pt>
File: JacksonStrand_Paper 1_files/figure-latex/figure8-1.pdf Graphic file (type pdf)
<use JacksonStrand_Paper 1_files/figure-latex/figure8-1.pdf>
Package pdftex.def Info: JacksonStrand_Paper 1_files/figure-latex/figure8-1.pdf  used on input line 721.
(pdftex.def)             Requested size: 459.7304pt x 313.17877pt.
<JacksonStrand_Paper 1_files/figure-latex/figure9-1.pdf, id=111, 453.695pt x 313.17pt>
File: JacksonStrand_Paper 1_files/figure-latex/figure9-1.pdf Graphic file (type pdf)
<use JacksonStrand_Paper 1_files/figure-latex/figure9-1.pdf>
Package pdftex.def Info: JacksonStrand_Paper 1_files/figure-latex/figure9-1.pdf  used on input line 731.
(pdftex.def)             Requested size: 453.6939pt x 313.16922pt.
<JacksonStrand_Paper 1_files/figure-latex/figure10-1.pdf, id=112, 466.74374pt x 270.00874pt>
File: JacksonStrand_Paper 1_files/figure-latex/figure10-1.pdf Graphic file (type pdf)
<use JacksonStrand_Paper 1_files/figure-latex/figure10-1.pdf>
Package pdftex.def Info: JacksonStrand_Paper 1_files/figure-latex/figure10-1.pdf  used on input line 740.
(pdftex.def)             Requested size: 466.74971pt x 270.01219pt.
[10 <./Images/brome_images.jpg>] [11 <./JacksonStrand_Paper 1_files/figure-latex/inf_cut_plot-1.pdf>] [12 <./JacksonStrand_Paper 1_files/figure-latex/figure5_pf_nodes_plot-1.pdf>] [13 <./JacksonStrand_Paper 1_files/figure-latex/figure6_brome_nodes-1.pdf>] [14 <./JacksonStrand_Paper 1_files/figure-latex/figure7_field_cut_plot-1.pdf>] [15 <./JacksonStrand_Paper 1_files/figure-latex/figure8-1.pdf>] [16 <./JacksonStrand_Paper 1_files/figure-latex/figure9-1.pdf>]

! LaTeX Error: Unicode character ▪ (U+25AA)
               not set up for use with LaTeX.

See the LaTeX manual or LaTeX Companion for explanation.
Type  H <return>  for immediate help.
 ...                                              
                                                  
l.781 ....prairiesoilsandcrops.caVolume4·▪2011}
                                                  . 
Here is how much of TeX's memory you used:
 11171 strings out of 476010
 176309 string characters out of 5790700
 1939751 words of memory out of 5000000
 33119 multiletter control sequences out of 15000+600000
 612992 words of font info for 78 fonts, out of 8000000 for 9000
 14 hyphenation exceptions out of 8191
 89i,7n,93p,366b,511s stack positions out of 10000i,1000n,20000p,200000b,200000s

!  ==> Fatal error occurred, no output PDF file produced!
